<?xml version="1.0" encoding="UTF-8"?>
<!-- Generated by org.testng.reporters.JUnitReportReporter -->
<testsuite skipped="0" hostname="ATMECSINLT-033" name="com.Cal.NewTest" tests="4" failures="0" timestamp="20 Aug 2019 14:46:58 GMT" time="31.621" errors="0">
  <testcase name="add" time="6.856" classname="com.Cal.NewTest"/>
  <testcase name="sub" time="7.496" classname="com.Cal.NewTest"/>
  <testcase name="mul" time="9.531" classname="com.Cal.NewTest"/>
  <testcase name="div" time="7.738" classname="com.Cal.NewTest"/>
</testsuite> <!-- com.Cal.NewTest -->
